0 info it worked if it ends with ok
1 verbose cli [ 'node', '/usr/local/bin/npm', 'publish' ]
2 info using npm@1.4.9
3 info using node@v0.10.28
4 verbose publish [ '.' ]
5 verbose cache add [ '.', null ]
6 verbose cache add name=undefined spec="." args=[".",null]
7 verbose parsed url { protocol: null,
7 verbose parsed url   slashes: null,
7 verbose parsed url   auth: null,
7 verbose parsed url   host: null,
7 verbose parsed url   port: null,
7 verbose parsed url   hostname: null,
7 verbose parsed url   hash: null,
7 verbose parsed url   search: null,
7 verbose parsed url   query: null,
7 verbose parsed url   pathname: '.',
7 verbose parsed url   path: '.',
7 verbose parsed url   href: '.' }
8 silly lockFile 3a52ce78- .
9 verbose lock . /Users/aramirez92/.npm/3a52ce78-.lock
10 verbose tar pack [ '/var/folders/4f/6t5vyxg53rg_8pndtv134n180000gn/T/npm-16775-Mxevdd0Q/1421391551998-0.19614230887964368/tmp.tgz',
10 verbose tar pack   '.' ]
11 verbose tarball /var/folders/4f/6t5vyxg53rg_8pndtv134n180000gn/T/npm-16775-Mxevdd0Q/1421391551998-0.19614230887964368/tmp.tgz
12 verbose folder .
13 info prepublish dpd-crypt@0.0.1
14 silly lockFile 1f1177db-tar tar://.
15 verbose lock tar://. /Users/aramirez92/.npm/1f1177db-tar.lock
16 silly lockFile b258a5df-1998-0-19614230887964368-tmp-tgz tar:///var/folders/4f/6t5vyxg53rg_8pndtv134n180000gn/T/npm-16775-Mxevdd0Q/1421391551998-0.19614230887964368/tmp.tgz
17 verbose lock tar:///var/folders/4f/6t5vyxg53rg_8pndtv134n180000gn/T/npm-16775-Mxevdd0Q/1421391551998-0.19614230887964368/tmp.tgz /Users/aramirez92/.npm/b258a5df-1998-0-19614230887964368-tmp-tgz.lock
18 silly lockFile 1f1177db-tar tar://.
19 silly lockFile 1f1177db-tar tar://.
20 silly lockFile b258a5df-1998-0-19614230887964368-tmp-tgz tar:///var/folders/4f/6t5vyxg53rg_8pndtv134n180000gn/T/npm-16775-Mxevdd0Q/1421391551998-0.19614230887964368/tmp.tgz
21 silly lockFile b258a5df-1998-0-19614230887964368-tmp-tgz tar:///var/folders/4f/6t5vyxg53rg_8pndtv134n180000gn/T/npm-16775-Mxevdd0Q/1421391551998-0.19614230887964368/tmp.tgz
22 verbose tar unpack /var/folders/4f/6t5vyxg53rg_8pndtv134n180000gn/T/npm-16775-Mxevdd0Q/1421391551998-0.19614230887964368/tmp.tgz
23 silly lockFile f63fe42c-ez92-npm-dpd-crypt-0-0-1-package tar:///Users/aramirez92/.npm/dpd-crypt/0.0.1/package
24 verbose lock tar:///Users/aramirez92/.npm/dpd-crypt/0.0.1/package /Users/aramirez92/.npm/f63fe42c-ez92-npm-dpd-crypt-0-0-1-package.lock
25 silly lockFile b258a5df-1998-0-19614230887964368-tmp-tgz tar:///var/folders/4f/6t5vyxg53rg_8pndtv134n180000gn/T/npm-16775-Mxevdd0Q/1421391551998-0.19614230887964368/tmp.tgz
26 verbose lock tar:///var/folders/4f/6t5vyxg53rg_8pndtv134n180000gn/T/npm-16775-Mxevdd0Q/1421391551998-0.19614230887964368/tmp.tgz /Users/aramirez92/.npm/b258a5df-1998-0-19614230887964368-tmp-tgz.lock
27 silly gunzTarPerm modes [ '755', '644' ]
28 silly gunzTarPerm extractEntry package.json
29 silly gunzTarPerm extractEntry README.md
30 silly gunzTarPerm extractEntry index.js
31 silly gunzTarPerm extractEntry .idea/.name
32 silly gunzTarPerm extractEntry .idea/dpd-crypt.iml
33 silly gunzTarPerm extractEntry .idea/encodings.xml
34 silly gunzTarPerm extractEntry .idea/misc.xml
35 silly gunzTarPerm extractEntry .idea/modules.xml
36 silly gunzTarPerm extractEntry .idea/scopes/scope_settings.xml
37 silly gunzTarPerm extractEntry .idea/vcs.xml
38 silly gunzTarPerm extractEntry .idea/workspace.xml
39 silly lockFile f63fe42c-ez92-npm-dpd-crypt-0-0-1-package tar:///Users/aramirez92/.npm/dpd-crypt/0.0.1/package
40 silly lockFile f63fe42c-ez92-npm-dpd-crypt-0-0-1-package tar:///Users/aramirez92/.npm/dpd-crypt/0.0.1/package
41 silly lockFile b258a5df-1998-0-19614230887964368-tmp-tgz tar:///var/folders/4f/6t5vyxg53rg_8pndtv134n180000gn/T/npm-16775-Mxevdd0Q/1421391551998-0.19614230887964368/tmp.tgz
42 silly lockFile b258a5df-1998-0-19614230887964368-tmp-tgz tar:///var/folders/4f/6t5vyxg53rg_8pndtv134n180000gn/T/npm-16775-Mxevdd0Q/1421391551998-0.19614230887964368/tmp.tgz
43 silly lockFile 3a52ce78- .
44 silly lockFile 3a52ce78- .
45 silly publish { author: { name: 'Alfredo Ramirez Ortega' },
45 silly publish   name: 'dpd-crypt',
45 silly publish   version: '0.0.1',
45 silly publish   description: 'This custom resource type allows md5 encryption.',
45 silly publish   repository: { url: 'git://github.com/aramirez/dpd-crypt.git' },
45 silly publish   engines: { node: '>= 0.10.0' },
45 silly publish   main: 'index',
45 silly publish   bin: { dpd: './bin/dpd' },
45 silly publish   scripts: { test: 'echo "Error: no test specified" && exit 1' },
45 silly publish   readmeFilename: 'README.md',
45 silly publish   bugs: { url: 'https://github.com/aramirez92/dpd-crypt/issues' },
45 silly publish   homepage: 'https://github.com/aramirez92/dpd-crypt',
45 silly publish   dependencies: { MD5: '^1.2.1' },
45 silly publish   readme: '# dpd-crypt\n',
45 silly publish   _id: 'dpd-crypt@0.0.1',
45 silly publish   _shasum: '083c0ca7c46d766d508978775ccdb9ee7828ebc6',
45 silly publish   _from: '.' }
46 verbose url raw dpd-crypt
47 verbose url resolving [ 'https://registry.npmjs.org/', './dpd-crypt' ]
48 verbose url resolved https://registry.npmjs.org/dpd-crypt
49 info trying registry request attempt 1 at 23:59:12
50 http PUT https://registry.npmjs.org/dpd-crypt
51 http 403 https://registry.npmjs.org/dpd-crypt
52 verbose headers { date: 'Fri, 16 Jan 2015 06:56:26 GMT',
52 verbose headers   server: 'CouchDB/1.5.0 (Erlang OTP/R16B03)',
52 verbose headers   'content-type': 'application/json',
52 verbose headers   'cache-control': 'max-age=60',
52 verbose headers   'content-length': '2102',
52 verbose headers   'accept-ranges': 'bytes',
52 verbose headers   via: '1.1 varnish',
52 verbose headers   'x-served-by': 'cache-dfw1823-DFW',
52 verbose headers   'x-cache': 'MISS',
52 verbose headers   'x-cache-hits': '0',
52 verbose headers   'x-timer': 'S1421391386.351370,VS0,VE233',
52 verbose headers   'keep-alive': 'timeout=10, max=50',
52 verbose headers   connection: 'Keep-Alive' }
53 error publish Failed PUT 403
54 error Error: forbidden cannot modify pre-existing version: 0.0.1
54 error old={"author":{"name":"Alfredo Ramirez Ortega"},"name":"dpd-crypt","version":"0.0.1","description":"This custom resource type allows md5 encryption.","repository":{"url":"git://github.com/aramirez/dpd-crypt.git"},"engines":{"node":">= 0.10.0"},"main":"index","bin":{"dpd":"./bin/dpd"},"scripts":{"test":"echo \"Error: no test specified\" && exit 1"},"bugs":{"url":"https://github.com/aramirez92/dpd-crypt/issues"},"homepage":"https://github.com/aramirez92/dpd-crypt","dependencies":{"MD5":"^1.2.1"},"_id":"dpd-crypt@0.0.1","_shasum":"4cab30aff33a0459b26f4b38789ffee9afad631e","_from":".","_npmVersion":"1.4.9","_npmUser":{"name":"devops92","email":"devops92@gmail.com"},"maintainers":[{"name":"devops92","email":"devops92@gmail.com"}],"dist":{"shasum":"4cab30aff33a0459b26f4b38789ffee9afad631e","tarball":"http://registry.npmjs.org/dpd-crypt/-/dpd-crypt-0.0.1.tgz"}}
54 error new={"author":{"name":"Alfredo Ramirez Ortega"},"name":"dpd-crypt","version":"0.0.1","description":"This custom resource type allows md5 encryption.","repository":{"url":"git://github.com/aramirez/dpd-crypt.git"},"engines":{"node":">= 0.10.0"},"main":"index","bin":{"dpd":"./bin/dpd"},"scripts":{"test":"echo \"Error: no test specified\" && exit 1"},"readmeFilename":"README.md","bugs":{"url":"https://github.com/aramirez92/dpd-crypt/issues"},"homepage":"https://github.com/aramirez92/dpd-crypt","dependencies":{"MD5":"^1.2.1"},"readme":"# dpd-crypt\u000a","_id":"dpd-crypt@0.0.1","_shasum":"083c0ca7c46d766d508978775ccdb9ee7828ebc6","_from":".","_npmVersion":"1.4.9","_npmUser":{"name":"devops92","email":"devops92@gmail.com"},"maintainers":[{"name":"devops92","email":"devops92@gmail.com"}],"dist":{"shasum":"083c0ca7c46d766d508978775ccdb9ee7828ebc6","tarball":"http://registry.npmjs.org/dpd-crypt/-/dpd-crypt-0.0.1.tgz"}}: dpd-crypt
54 error     at RegClient.<anonymous> (/usr/local/lib/node_modules/npm/node_modules/npm-registry-client/lib/request.js:273:14)
54 error     at Request._callback (/usr/local/lib/node_modules/npm/node_modules/npm-registry-client/lib/request.js:211:65)
54 error     at Request.self.callback (/usr/local/lib/node_modules/npm/node_modules/request/request.js:123:22)
54 error     at Request.EventEmitter.emit (events.js:98:17)
54 error     at Request.<anonymous> (/usr/local/lib/node_modules/npm/node_modules/request/request.js:893:14)
54 error     at Request.EventEmitter.emit (events.js:117:20)
54 error     at IncomingMessage.<anonymous> (/usr/local/lib/node_modules/npm/node_modules/request/request.js:844:12)
54 error     at IncomingMessage.EventEmitter.emit (events.js:117:20)
54 error     at _stream_readable.js:919:16
54 error     at process._tickCallback (node.js:419:13)
55 error If you need help, you may report this *entire* log,
55 error including the npm and node versions, at:
55 error     <http://github.com/npm/npm/issues>
56 error System Darwin 14.0.0
57 error command "node" "/usr/local/bin/npm" "publish"
58 error cwd /Users/aramirez92/WebstormProjects/dpd-crypt
59 error node -v v0.10.28
60 error npm -v 1.4.9
61 verbose exit [ 1, true ]
